<?xml version="1.0" encoding="UTF-8"?>
<testng-results skipped="0" failed="0" total="3" passed="3">
  <reporter-output>
  </reporter-output>
  <suite name="DDFSuite" duration-ms="22757" started-at="2018-01-12T09:17:09Z" finished-at="2018-01-12T09:17:31Z">
    <groups>
      <group name="Logins">
        <method signature="LoginPage_Test.LoginValidPassword()[pri:0, instance:org.title21.test.LoginPage_Test@1e397ed7]" name="LoginValidPassword" class="org.title21.test.LoginPage_Test"/>
        <method signature="LoginPage_Test.LoginWithInvalidPassword()[pri:0, instance:org.title21.test.LoginPage_Test@1e397ed7]" name="LoginWithInvalidPassword" class="org.title21.test.LoginPage_Test"/>
        <method signature="LoginPage_Test.sucefullyLogin()[pri:0, instance:org.title21.test.LoginPage_Test@1e397ed7]" name="sucefullyLogin" class="org.title21.test.LoginPage_Test"/>
      </group> <!-- Logins -->
    </groups>
    <test name="TestDDF" duration-ms="22757" started-at="2018-01-12T09:17:09Z" finished-at="2018-01-12T09:17:31Z">
      <class name="org.title21.test.LoginPage_Test">
        <test-method status="PASS" signature="beforeSuite(java.lang.String, java.lang.String)[pri:0, instance:org.title21.test.LoginPage_Test@1e397ed7]" name="beforeSuite" is-config="true" duration-ms="784" started-at="2018-01-12T14:47:08Z" finished-at="2018-01-12T14:47:09Z">
          <params>
            <param index="0">
              <value>
                <![CDATA[.\\testdata\\Login.xlsx]]>
              </value>
            </param>
            <param index="1">
              <value>
                <![CDATA[LoginCredentials]]>
              </value>
            </param>
          </params>
          <reporter-output>
          </reporter-output>
        </test-method> <!-- beforeSuite -->
        <test-method status="PASS" signature="openURL()[pri:0, instance:org.title21.test.LoginPage_Test@1e397ed7]" name="openURL" is-config="true" duration-ms="10120" started-at="2018-01-12T14:47:09Z" finished-at="2018-01-12T14:47:19Z">
          <reporter-output>
          </reporter-output>
        </test-method> <!-- openURL -->
        <test-method status="PASS" signature="beforeMethod()[pri:0, instance:org.title21.test.LoginPage_Test@1e397ed7]" name="beforeMethod" is-config="true" duration-ms="1" started-at="2018-01-12T14:47:19Z" finished-at="2018-01-12T14:47:19Z">
          <reporter-output>
          </reporter-output>
        </test-method> <!-- beforeMethod -->
        <test-method status="PASS" signature="LoginWithInvalidPassword()[pri:0, instance:org.title21.test.LoginPage_Test@1e397ed7]" name="LoginWithInvalidPassword" duration-ms="5815" started-at="2018-01-12T14:47:19Z" finished-at="2018-01-12T14:47:25Z">
          <reporter-output>
          </reporter-output>
        </test-method> <!-- LoginWithInvalidPassword -->
        <test-method status="PASS" signature="afterMethod(org.testng.ITestResult)[pri:0, instance:org.title21.test.LoginPage_Test@1e397ed7]" name="afterMethod" is-config="true" duration-ms="233" started-at="2018-01-12T14:47:25Z" finished-at="2018-01-12T14:47:25Z">
          <params>
            <param index="0">
              <value>
                <![CDATA[[TestResult name=LoginWithInvalidPassword status=SUCCESS method=LoginPage_Test.LoginWithInvalidPassword()[pri:0, instance:org.title21.test.LoginPage_Test@1e397ed7] output={null}]]]>
              </value>
            </param>
          </params>
          <reporter-output>
          </reporter-output>
        </test-method> <!-- afterMethod -->
        <test-method status="PASS" signature="LoginValidPassword()[pri:0, instance:org.title21.test.LoginPage_Test@1e397ed7]" name="LoginValidPassword" duration-ms="156" started-at="2018-01-12T14:47:25Z" finished-at="2018-01-12T14:47:25Z">
          <reporter-output>
          </reporter-output>
        </test-method> <!-- LoginValidPassword -->
        <test-method status="PASS" signature="beforeMethod()[pri:0, instance:org.title21.test.LoginPage_Test@1e397ed7]" name="beforeMethod" is-config="true" duration-ms="0" started-at="2018-01-12T14:47:25Z" finished-at="2018-01-12T14:47:25Z">
          <reporter-output>
          </reporter-output>
        </test-method> <!-- beforeMethod -->
        <test-method status="PASS" signature="afterMethod(org.testng.ITestResult)[pri:0, instance:org.title21.test.LoginPage_Test@1e397ed7]" name="afterMethod" is-config="true" duration-ms="74" started-at="2018-01-12T14:47:25Z" finished-at="2018-01-12T14:47:25Z">
          <params>
            <param index="0">
              <value>
                <![CDATA[[TestResult name=LoginValidPassword status=SUCCESS method=LoginPage_Test.LoginValidPassword()[pri:0, instance:org.title21.test.LoginPage_Test@1e397ed7] output={null}]]]>
              </value>
            </param>
          </params>
          <reporter-output>
          </reporter-output>
        </test-method> <!-- afterMethod -->
        <test-method status="PASS" signature="sucefullyLogin()[pri:0, instance:org.title21.test.LoginPage_Test@1e397ed7]" name="sucefullyLogin" duration-ms="3929" started-at="2018-01-12T14:47:25Z" finished-at="2018-01-12T14:47:29Z">
          <reporter-output>
          </reporter-output>
        </test-method> <!-- sucefullyLogin -->
        <test-method status="PASS" signature="beforeMethod()[pri:0, instance:org.title21.test.LoginPage_Test@1e397ed7]" name="beforeMethod" is-config="true" duration-ms="0" started-at="2018-01-12T14:47:25Z" finished-at="2018-01-12T14:47:25Z">
          <reporter-output>
          </reporter-output>
        </test-method> <!-- beforeMethod -->
        <test-method status="PASS" signature="afterMethod(org.testng.ITestResult)[pri:0, instance:org.title21.test.LoginPage_Test@1e397ed7]" name="afterMethod" is-config="true" duration-ms="31" started-at="2018-01-12T14:47:29Z" finished-at="2018-01-12T14:47:29Z">
          <params>
            <param index="0">
              <value>
                <![CDATA[[TestResult name=sucefullyLogin status=SUCCESS method=LoginPage_Test.sucefullyLogin()[pri:0, instance:org.title21.test.LoginPage_Test@1e397ed7] output={null}]]]>
              </value>
            </param>
          </params>
          <reporter-output>
          </reporter-output>
        </test-method> <!-- afterMethod -->
        <test-method status="PASS" signature="closeBrowserInstance()[pri:0, instance:org.title21.test.LoginPage_Test@1e397ed7]" name="closeBrowserInstance" is-config="true" duration-ms="2393" started-at="2018-01-12T14:47:29Z" finished-at="2018-01-12T14:47:31Z">
          <reporter-output>
          </reporter-output>
        </test-method> <!-- closeBrowserInstance -->
        <test-method status="PASS" signature="afterSuite()[pri:0, instance:org.title21.test.LoginPage_Test@1e397ed7]" name="afterSuite" is-config="true" duration-ms="6575" started-at="2018-01-12T14:47:31Z" finished-at="2018-01-12T14:47:38Z">
          <reporter-output>
          </reporter-output>
        </test-method> <!-- afterSuite -->
      </class> <!-- org.title21.test.LoginPage_Test -->
    </test> <!-- TestDDF -->
  </suite> <!-- DDFSuite -->
</testng-results>
