<?xml version="1.0" encoding="UTF-8"?>
<!-- Generated by org.testng.reporters.JUnitXMLReporter -->
<testsuite hostname="automation_02" name="TestDDF" tests="3" failures="0" timestamp="12 Jan 2018 09:17:31 GMT" time="22.757" errors="0">
  <testcase name="LoginWithInvalidPassword" time="5.815" classname="org.title21.test.LoginPage_Test"/>
  <testcase name="LoginValidPassword" time="0.156" classname="org.title21.test.LoginPage_Test"/>
  <testcase name="sucefullyLogin" time="3.929" classname="org.title21.test.LoginPage_Test"/>
</testsuite> <!-- TestDDF -->
